[0.030s] Invoking command in '/home/ws/build/quadruped_mpc': CMAKE_PREFIX_PATH=${CMAKE_PREFIX_PATH}:/home/ws/install/quadruped_simulation:/home/ws/install/quadruped_controllers:/opt/ros/jazzy /usr/bin/cmake /home/ws/src/quadruped_mpc -DAMENT_CMAKE_SYMLINK_INSTALL=1 -DCMAKE_INSTALL_PREFIX=/home/ws/install/quadruped_mpc
[0.069s] -- Found ament_cmake: 2.5.2 (/opt/ros/jazzy/share/ament_cmake/cmake)
[0.166s] -- Found Python3: /usr/bin/python3 (found version "3.12.3") found components: Interpreter 
[0.338s] -- Override CMake install command with custom implementation using symlinks instead of copying resources
[0.349s] -- Found rclcpp: 28.1.5 (/opt/ros/jazzy/share/rclcpp/cmake)
[0.413s] -- Found rosidl_generator_c: 4.6.4 (/opt/ros/jazzy/share/rosidl_generator_c/cmake)
[0.440s] -- Found rosidl_generator_cpp: 4.6.4 (/opt/ros/jazzy/share/rosidl_generator_cpp/cmake)
[0.463s] -- Using all available rosidl_typesupport_c: rosidl_typesupport_fastrtps_c;rosidl_typesupport_introspection_c
[0.485s] -- Using all available rosidl_typesupport_cpp: rosidl_typesupport_fastrtps_cpp;rosidl_typesupport_introspection_cpp
[0.587s] -- Found rmw_implementation_cmake: 7.3.1 (/opt/ros/jazzy/share/rmw_implementation_cmake/cmake)
[0.590s] -- Found rmw_fastrtps_cpp: 8.4.1 (/opt/ros/jazzy/share/rmw_fastrtps_cpp/cmake)
[0.735s] -- Using RMW implementation 'rmw_fastrtps_cpp' as default
[0.822s] -- Found controller_interface: 4.18.0 (/opt/ros/jazzy/share/controller_interface/cmake)
[1.103s] -- pinocchio FOUND. pinocchio at /opt/ros/jazzy/lib/x86_64-linux-gnu/libpinocchio.so
[1.104s] -- boost_filesystem FOUND. boost_filesystem at /lib/x86_64-linux-gnu/libboost_filesystem.so
[1.104s] -- boost_serialization FOUND. boost_serialization at /lib/x86_64-linux-gnu/libboost_serialization.so
[1.105s] -- boost_system FOUND. boost_system at /lib/x86_64-linux-gnu/libboost_system.so
[1.116s] -- Found Boost: /usr/include (found version "1.83.0") found components: filesystem serialization system 
[1.118s] -- eigenpy FOUND. eigenpy at /opt/ros/jazzy/lib/x86_64-linux-gnu/libeigenpy.so
[1.167s] -- Checking for NumPy
[1.529s] --   NUMPY_INCLUDE_DIRS=/usr/lib/python3/dist-packages/numpy/core/include
[1.730s] --   NUMPY_VERSION=1.26.4
[2.149s] -- Found Python3: /usr/bin/python3 (found version "3.12.3") found components: Interpreter Development.Module NumPy 
[2.151s] -- PythonLibraryDirs: 
[2.151s] -- PythonLibVersionString: 3.12.3
[2.210s] -- Python site lib: lib/python3.12/dist-packages
[2.210s] -- Python include dirs: /usr/include/python3.12
[2.304s] -- Checking for NumPy
[2.474s] --   NUMPY_INCLUDE_DIRS=/usr/lib/python3/dist-packages/numpy/core/include
[2.670s] --   NUMPY_VERSION=1.26.4
[2.670s] -- NumPy include dir: /usr/lib/python3/dist-packages/numpy/core/include
[2.678s] -- Found Boost: /usr/include (found version "1.83.0") found components: python312 
[2.678s] -- Boost_PYTHON_LIBRARY: /usr/lib/x86_64-linux-gnu/libboost_python312.so
[3.164s] -- Default C++ standard: 201703
[3.164s] -- C++ standard sufficient: Minimal required 14, currently defined: 17
[3.164s] -- CMAKE_CXX_STANDARD was not set: automatically set to currently defined standard 17
[3.166s] -- C++ standard sufficient: Minimal required 14, currently defined: 17
[3.298s] -- Configuring done (3.2s)
[3.332s] -- Generating done (0.0s)
[3.336s] -- Build files have been written to: /home/ws/build/quadruped_mpc
[3.362s] Invoked command in '/home/ws/build/quadruped_mpc' returned '0': CMAKE_PREFIX_PATH=${CMAKE_PREFIX_PATH}:/home/ws/install/quadruped_simulation:/home/ws/install/quadruped_controllers:/opt/ros/jazzy /usr/bin/cmake /home/ws/src/quadruped_mpc -DAMENT_CMAKE_SYMLINK_INSTALL=1 -DCMAKE_INSTALL_PREFIX=/home/ws/install/quadruped_mpc
[3.363s] Invoking command in '/home/ws/build/quadruped_mpc': CMAKE_PREFIX_PATH=${CMAKE_PREFIX_PATH}:/home/ws/install/quadruped_simulation:/home/ws/install/quadruped_controllers:/opt/ros/jazzy /usr/bin/cmake --build /home/ws/build/quadruped_mpc -- -j20 -l20
[3.507s] [ 20%] [32mBuilding CXX object CMakeFiles/quadruped_mpc_lib.dir/src/leg_controller.cpp.o[0m
[3.507s] [ 60%] [32mBuilding CXX object CMakeFiles/quadruped_mpc_lib.dir/src/state_estimator.cpp.o[0m
[3.508s] [ 60%] [32mBuilding CXX object CMakeFiles/quadruped_mpc_lib.dir/src/foot_trajectory_generator.cpp.o[0m
[3.508s] [ 80%] [32mBuilding CXX object CMakeFiles/quadruped_mpc_lib.dir/src/balance_controller.cpp.o[0m
[3.541s] [01m[K/home/ws/src/quadruped_mpc/src/leg_controller.cpp:1:10:[m[K [01;31m[Kfatal error: [m[Kquadruped/leg_controller.hpp: No such file or directory
[3.542s]     1 | #include [01;31m[K"quadruped/leg_controller.hpp"[m[K
[3.542s]       |          [01;31m[K^~~~~~~~~~~~~~~~~~~~~~~~~~~~~~[m[K
[3.542s] [01m[K/home/ws/src/quadruped_mpc/src/state_estimator.cpp:1:10:[m[K [01;31m[Kfatal error: [m[Kquadruped/state_estimator.hpp: No such file or directory
[3.543s]     1 | #include [01;31m[K"quadruped/state_estimator.hpp"[m[K
[3.543s]       |          [01;31m[K^~~~~~~~~~~~~~~~~~~~~~~~~~~~~~~[m[K
[3.544s] [01m[K/home/ws/src/quadruped_mpc/src/balance_controller.cpp:1:10:[m[K [01;31m[Kfatal error: [m[Kquadruped/balance_controller.hpp: No such file or directory
[3.544s]     1 | #include [01;31m[K"quadruped/balance_controller.hpp"[m[K
[3.544s]       |          [01;31m[K^~~~~~~~~~~~~~~~~~~~~~~~~~~~~~~~~~[m[K
[3.545s] compilation terminated.
[3.545s] compilation terminated.
[3.545s] compilation terminated.
[3.545s] [01m[K/home/ws/src/quadruped_mpc/src/foot_trajectory_generator.cpp:1:10:[m[K [01;31m[Kfatal error: [m[Kquadruped/foot_trajectory_generator.hpp: No such file or directory
[3.546s]     1 | #include [01;31m[K"quadruped/foot_trajectory_generator.hpp"[m[K
[3.546s]       |          [01;31m[K^~~~~~~~~~~~~~~~~~~~~~~~~~~~~~~~~~~~~~~~~[m[K
[3.546s] compilation terminated.
[3.547s] gmake[2]: *** [CMakeFiles/quadruped_mpc_lib.dir/build.make:118: CMakeFiles/quadruped_mpc_lib.dir/src/state_estimator.cpp.o] Error 1
[3.547s] gmake[2]: *** Waiting for unfinished jobs....
[3.547s] gmake[2]: *** [CMakeFiles/quadruped_mpc_lib.dir/build.make:104: CMakeFiles/quadruped_mpc_lib.dir/src/leg_controller.cpp.o] Error 1
[3.547s] gmake[2]: *** [CMakeFiles/quadruped_mpc_lib.dir/build.make:76: CMakeFiles/quadruped_mpc_lib.dir/src/balance_controller.cpp.o] Error 1
[3.548s] gmake[2]: *** [CMakeFiles/quadruped_mpc_lib.dir/build.make:90: CMakeFiles/quadruped_mpc_lib.dir/src/foot_trajectory_generator.cpp.o] Error 1
[3.548s] gmake[1]: *** [CMakeFiles/Makefile2:137: CMakeFiles/quadruped_mpc_lib.dir/all] Error 2
[3.548s] gmake: *** [Makefile:146: all] Error 2
[3.551s] Invoked command in '/home/ws/build/quadruped_mpc' returned '2': CMAKE_PREFIX_PATH=${CMAKE_PREFIX_PATH}:/home/ws/install/quadruped_simulation:/home/ws/install/quadruped_controllers:/opt/ros/jazzy /usr/bin/cmake --build /home/ws/build/quadruped_mpc -- -j20 -l20
