[0.068s] Invoking command in '/home/ws/build/quadruped_mpc': CMAKE_PREFIX_PATH=${CMAKE_PREFIX_PATH}:/home/ws/install/quadruped_simulation:/home/ws/install/quadruped_controllers:/opt/ros/jazzy /usr/bin/cmake --build /home/ws/build/quadruped_mpc -- -j20 -l20
[0.226s] -- Found ament_cmake: 2.5.2 (/opt/ros/jazzy/share/ament_cmake/cmake)
[0.323s] -- Found Python3: /usr/bin/python3 (found version "3.12.3") found components: Interpreter 
[0.546s] -- Override CMake install command with custom implementation using symlinks instead of copying resources
[0.596s] -- Found rclcpp: 28.1.5 (/opt/ros/jazzy/share/rclcpp/cmake)
[0.697s] -- Found rosidl_generator_c: 4.6.4 (/opt/ros/jazzy/share/rosidl_generator_c/cmake)
[0.735s] -- Found rosidl_generator_cpp: 4.6.4 (/opt/ros/jazzy/share/rosidl_generator_cpp/cmake)
[0.771s] -- Using all available rosidl_typesupport_c: rosidl_typesupport_fastrtps_c;rosidl_typesupport_introspection_c
[0.808s] -- Using all available rosidl_typesupport_cpp: rosidl_typesupport_fastrtps_cpp;rosidl_typesupport_introspection_cpp
[0.917s] -- Found rmw_implementation_cmake: 7.3.1 (/opt/ros/jazzy/share/rmw_implementation_cmake/cmake)
[0.920s] -- Found rmw_fastrtps_cpp: 8.4.1 (/opt/ros/jazzy/share/rmw_fastrtps_cpp/cmake)
[1.047s] -- Using RMW implementation 'rmw_fastrtps_cpp' as default
[1.286s] -- Found controller_interface: 4.18.0 (/opt/ros/jazzy/share/controller_interface/cmake)
[2.007s] -- pinocchio FOUND. pinocchio at /opt/ros/jazzy/lib/x86_64-linux-gnu/libpinocchio.so
[2.009s] -- boost_filesystem FOUND. boost_filesystem at /lib/x86_64-linux-gnu/libboost_filesystem.so
[2.011s] -- boost_serialization FOUND. boost_serialization at /lib/x86_64-linux-gnu/libboost_serialization.so
[2.013s] -- boost_system FOUND. boost_system at /lib/x86_64-linux-gnu/libboost_system.so
[2.031s] -- Found Boost: /usr/include (found version "1.83.0") found components: filesystem serialization system 
[2.034s] -- eigenpy FOUND. eigenpy at /opt/ros/jazzy/lib/x86_64-linux-gnu/libeigenpy.so
[2.079s] -- Checking for NumPy
[2.458s] --   NUMPY_INCLUDE_DIRS=/usr/lib/python3/dist-packages/numpy/core/include
[2.662s] --   NUMPY_VERSION=1.26.4
[3.084s] -- Found Python3: /usr/bin/python3 (found version "3.12.3") found components: Interpreter Development.Module NumPy 
[3.086s] -- PythonLibraryDirs: 
[3.086s] -- PythonLibVersionString: 3.12.3
[3.162s] -- Python site lib: lib/python3.12/dist-packages
[3.162s] -- Python include dirs: /usr/include/python3.12
[3.251s] -- Checking for NumPy
[3.463s] --   NUMPY_INCLUDE_DIRS=/usr/lib/python3/dist-packages/numpy/core/include
[3.683s] --   NUMPY_VERSION=1.26.4
[3.684s] -- NumPy include dir: /usr/lib/python3/dist-packages/numpy/core/include
[3.693s] -- Found Boost: /usr/include (found version "1.83.0") found components: python312 
[3.694s] -- Boost_PYTHON_LIBRARY: /usr/lib/x86_64-linux-gnu/libboost_python312.so
[4.262s] -- Default C++ standard: 201703
[4.262s] -- C++ standard sufficient: Minimal required 14, currently defined: 17
[4.262s] -- CMAKE_CXX_STANDARD was not set: automatically set to currently defined standard 17
[4.265s] -- C++ standard sufficient: Minimal required 14, currently defined: 17
[4.397s] -- Configuring done (4.2s)
[4.432s] -- Generating done (0.0s)
[4.437s] -- Build files have been written to: /home/ws/build/quadruped_mpc
[4.541s] [ 20%] [32mBuilding CXX object CMakeFiles/quadruped_mpc_lib.dir/src/balance_controller.cpp.o[0m
[5.209s] In file included from [01m[K/opt/ros/jazzy/include/pinocchio/fwd.hpp:23[m[K,
[5.209s]                  from [01m[K/opt/ros/jazzy/include/pinocchio/spatial/fwd.hpp:9[m[K,
[5.209s]                  from [01m[K/opt/ros/jazzy/include/pinocchio/multibody/model.hpp:9[m[K,
[5.209s]                  from [01m[K/home/ws/src/quadruped_mpc/include/quadruped_mpc/balance_controller.hpp:16[m[K,
[5.210s]                  from [01m[K/home/ws/src/quadruped_mpc/src/balance_controller.cpp:1[m[K:
[5.210s] [01m[K/opt/ros/jazzy/include/pinocchio/utils/cast.hpp:8:10:[m[K [01;31m[Kfatal error: [m[KEigen/Core: No such file or directory
[5.210s]     8 | #include [01;31m[K<Eigen/Core>[m[K
[5.210s]       |          [01;31m[K^~~~~~~~~~~~[m[K
[5.210s] compilation terminated.
[5.215s] gmake[2]: *** [CMakeFiles/quadruped_mpc_lib.dir/build.make:76: CMakeFiles/quadruped_mpc_lib.dir/src/balance_controller.cpp.o] Error 1
[5.216s] gmake[1]: *** [CMakeFiles/Makefile2:137: CMakeFiles/quadruped_mpc_lib.dir/all] Error 2
[5.216s] gmake: *** [Makefile:146: all] Error 2
[5.221s] Invoked command in '/home/ws/build/quadruped_mpc' returned '2': CMAKE_PREFIX_PATH=${CMAKE_PREFIX_PATH}:/home/ws/install/quadruped_simulation:/home/ws/install/quadruped_controllers:/opt/ros/jazzy /usr/bin/cmake --build /home/ws/build/quadruped_mpc -- -j20 -l20
