[0.022s] Invoking command in '/home/ws/build/quadruped': CMAKE_PREFIX_PATH=${CMAKE_PREFIX_PATH}:/opt/ros/jazzy /usr/bin/cmake --build /home/ws/build/quadruped -- -j20 -l20
[0.225s] [  2%] Built target quadruped__rosidl_generator_type_description
[0.254s] [  2%] Built target ament_cmake_python_symlink_quadruped
[0.303s] [  5%] [32mBuilding CXX object CMakeFiles/quadruped_lib.dir/src/leg_controller.cpp.o[0m
[0.305s] [  7%] [32mBuilding CXX object CMakeFiles/quadruped_lib.dir/src/foot_trajectory_generator.cpp.o[0m
[0.306s] [ 10%] [32mBuilding CXX object CMakeFiles/quadruped_lib.dir/src/state_estimator.cpp.o[0m
[0.308s] [ 15%] Built target quadruped__cpp
[0.309s] [ 15%] [32mBuilding CXX object CMakeFiles/quadruped_lib.dir/src/balance_controller.cpp.o[0m
[0.315s] [ 28%] Built target quadruped__rosidl_generator_c
[0.407s] [ 35%] Built target quadruped__rosidl_typesupport_c
[0.414s] [ 43%] Built target quadruped__rosidl_typesupport_fastrtps_cpp
[0.417s] [ 51%] Built target quadruped__rosidl_typesupport_fastrtps_c
[0.419s] [ 58%] Built target quadruped__rosidl_typesupport_cpp
[0.423s] [ 66%] Built target quadruped__rosidl_typesupport_introspection_cpp
[0.432s] [ 74%] Built target quadruped__rosidl_typesupport_introspection_c
[0.479s] [ 74%] Built target quadruped
[0.515s] [ 76%] Built target quadruped__py
[0.559s] [ 82%] Built target quadruped__rosidl_generator_py
[0.607s] [ 87%] Built target quadruped_s__rosidl_typesupport_c
[0.611s] [ 92%] Built target quadruped_s__rosidl_typesupport_fastrtps_c
[0.612s] [ 97%] Built target quadruped_s__rosidl_typesupport_introspection_c
[0.614s] running egg_info
[0.633s] writing quadruped.egg-info/PKG-INFO
[0.633s] writing dependency_links to quadruped.egg-info/dependency_links.txt
[0.634s] writing top-level names to quadruped.egg-info/top_level.txt
[0.682s] reading manifest file 'quadruped.egg-info/SOURCES.txt'
[0.683s] writing manifest file 'quadruped.egg-info/SOURCES.txt'
[0.737s] [ 97%] Built target ament_cmake_python_build_quadruped_egg
[3.685s] In file included from [01m[K/home/ws/src/quadruped/src/state_estimator.cpp:1[m[K:
[3.685s] [01m[K/home/ws/src/quadruped/include/quadruped/state_estimator.hpp:38:24:[m[K [01;31m[Kerror: [m[Kâ€˜[01m[Kstd_msgs[m[Kâ€™ was not declared in this scope
[3.685s]    38 |   rclcpp::Subscription<[01;31m[Kstd_msgs[m[K::msg::Float64MultiArray>::SharedPtr commands_subscriber_;
[3.685s]       |                        [01;31m[K^~~~~~~~[m[K
[3.685s] [01m[K/home/ws/src/quadruped/include/quadruped/state_estimator.hpp:38:56:[m[K [01;31m[Kerror: [m[Ktemplate argument 1 is invalid
[3.685s]    38 |   rclcpp::Subscription<std_msgs::msg::Float64MultiArray[01;31m[K>[m[K::SharedPtr commands_subscriber_;
[3.685s]       |                                                        [01;31m[K^[m[K
[3.685s] [01m[K/home/ws/src/quadruped/include/quadruped/state_estimator.hpp:38:56:[m[K [01;31m[Kerror: [m[Ktemplate argument 3 is invalid
[3.685s] [01m[K/home/ws/src/quadruped/include/quadruped/state_estimator.hpp:38:56:[m[K [01;31m[Kerror: [m[Ktemplate argument 4 is invalid
[3.685s] [01m[K/home/ws/src/quadruped/include/quadruped/state_estimator.hpp:38:56:[m[K [01;31m[Kerror: [m[Ktemplate argument 5 is invalid
[3.685s] [01m[K/home/ws/src/quadruped/include/quadruped/state_estimator.hpp:38:59:[m[K [01;31m[Kerror: [m[Kexpected â€˜[01m[K;[m[Kâ€™ at end of member declaration
[3.686s]    38 |   rclcpp::Subscription<std_msgs::msg::Float64MultiArray>::[01;31m[KSharedPtr[m[K commands_subscriber_;
[3.686s]       |                                                           [01;31m[K^~~~~~~~~[m[K
[3.686s]       |                                                                    [32m[K;[m[K
[3.687s] In file included from [01m[K/home/ws/src/quadruped/src/balance_controller.cpp:1[m[K:
[3.687s] [01m[K/home/ws/src/quadruped/include/quadruped/balance_controller.hpp:35:24:[m[K [01;31m[Kerror: [m[Kâ€˜[01m[Kstd_msgs[m[Kâ€™ was not declared in this scope
[3.687s]    35 |   rclcpp::Subscription<[01;31m[Kstd_msgs[m[K::msg::Float64MultiArray>::SharedPtr commands_subscriber_;
[3.687s]       |                        [01;31m[K^~~~~~~~[m[K
[3.687s] [01m[K/home/ws/src/quadruped/include/quadruped/balance_controller.hpp:35:56:[m[K [01;31m[Kerror: [m[Ktemplate argument 1 is invalid
[3.687s]    35 |   rclcpp::Subscription<std_msgs::msg::Float64MultiArray[01;31m[K>[m[K::SharedPtr commands_subscriber_;
[3.687s]       |                                                        [01;31m[K^[m[K
[3.687s] [01m[K/home/ws/src/quadruped/include/quadruped/balance_controller.hpp:35:56:[m[K [01;31m[Kerror: [m[Ktemplate argument 3 is invalid
[3.687s] [01m[K/home/ws/src/quadruped/include/quadruped/balance_controller.hpp:35:56:[m[K [01;31m[Kerror: [m[Ktemplate argument 4 is invalid
[3.687s] [01m[K/home/ws/src/quadruped/include/quadruped/balance_controller.hpp:35:56:[m[K [01;31m[Kerror: [m[Ktemplate argument 5 is invalid
[3.687s] [01m[K/home/ws/src/quadruped/include/quadruped/balance_controller.hpp:35:59:[m[K [01;31m[Kerror: [m[Kexpected â€˜[01m[K;[m[Kâ€™ at end of member declaration
[3.688s]    35 |   rclcpp::Subscription<std_msgs::msg::Float64MultiArray>::[01;31m[KSharedPtr[m[K commands_subscriber_;
[3.688s]       |                                                           [01;31m[K^~~~~~~~~[m[K
[3.688s]       |                                                                    [32m[K;[m[K
[3.690s] [01m[K/home/ws/src/quadruped/include/quadruped/state_estimator.hpp:38:69:[m[K [01;31m[Kerror: [m[Kâ€˜[01m[Kcommands_subscriber_[m[Kâ€™ does not name a type
[3.690s]    38 |   rclcpp::Subscription<std_msgs::msg::Float64MultiArray>::SharedPtr [01;31m[Kcommands_subscriber_[m[K;
[3.690s]       |                                                                     [01;31m[K^~~~~~~~~~~~~~~~~~~~[m[K
[3.692s] [01m[K/home/ws/src/quadruped/include/quadruped/balance_controller.hpp:35:69:[m[K [01;31m[Kerror: [m[Kâ€˜[01m[Kcommands_subscriber_[m[Kâ€™ does not name a type
[3.692s]    35 |   rclcpp::Subscription<std_msgs::msg::Float64MultiArray>::SharedPtr [01;31m[Kcommands_subscriber_[m[K;
[3.693s]       |                                                                     [01;31m[K^~~~~~~~~~~~~~~~~~~~[m[K
[3.699s] [01m[K/home/ws/src/quadruped/src/state_estimator.cpp:7:1:[m[K [01;31m[Kerror: [m[Kâ€˜[01m[KCallbackReturn[m[Kâ€™ does not name a type
[3.700s]     7 | [01;31m[KCallbackReturn[m[K StateEstimator::on_init()
[3.700s]       | [01;31m[K^~~~~~~~~~~~~~[m[K
[3.702s] [01m[K/home/ws/src/quadruped/src/state_estimator.cpp:23:1:[m[K [01;31m[Kerror: [m[Kâ€˜[01m[KCallbackReturn[m[Kâ€™ does not name a type
[3.702s]    23 | [01;31m[KCallbackReturn[m[K StateEstimator::on_configure(const rclcpp_lifecycle::State & /*previous_state*/)
[3.702s]       | [01;31m[K^~~~~~~~~~~~~~[m[K
[3.702s] [01m[K/home/ws/src/quadruped/src/balance_controller.cpp:7:1:[m[K [01;31m[Kerror: [m[Kâ€˜[01m[KCallbackReturn[m[Kâ€™ does not name a type
[3.703s]     7 | [01;31m[KCallbackReturn[m[K BalanceController::on_init()
[3.703s]       | [01;31m[K^~~~~~~~~~~~~~[m[K
[3.707s] [01m[K/home/ws/src/quadruped/src/state_estimator.cpp:75:1:[m[K [01;31m[Kerror: [m[Kâ€˜[01m[KCallbackReturn[m[Kâ€™ does not name a type
[3.707s]    75 | [01;31m[KCallbackReturn[m[K StateEstimator::on_activate(const rclcpp_lifecycle::State & /*previous_state*/)
[3.707s]       | [01;31m[K^~~~~~~~~~~~~~[m[K
[3.709s] [01m[K/home/ws/src/quadruped/src/state_estimator.cpp:81:1:[m[K [01;31m[Kerror: [m[Kâ€˜[01m[KCallbackReturn[m[Kâ€™ does not name a type
[3.710s]    81 | [01;31m[KCallbackReturn[m[K StateEstimator::on_deactivate(const rclcpp_lifecycle::State & /*previous_state*/)
[3.710s]       | [01;31m[K^~~~~~~~~~~~~~[m[K
[3.765s] In file included from [01m[K/home/ws/src/quadruped/src/foot_trajectory_generator.cpp:1[m[K:
[3.765s] [01m[K/home/ws/src/quadruped/include/quadruped/foot_trajectory_generator.hpp:38:24:[m[K [01;31m[Kerror: [m[Kâ€˜[01m[Kstd_msgs[m[Kâ€™ was not declared in this scope
[3.765s]    38 |   rclcpp::Subscription<[01;31m[Kstd_msgs[m[K::msg::Float64MultiArray>::SharedPtr commands_subscriber_;
[3.765s]       |                        [01;31m[K^~~~~~~~[m[K
[3.765s] [01m[K/home/ws/src/quadruped/include/quadruped/foot_trajectory_generator.hpp:38:56:[m[K [01;31m[Kerror: [m[Ktemplate argument 1 is invalid
[3.766s]    38 |   rclcpp::Subscription<std_msgs::msg::Float64MultiArray[01;31m[K>[m[K::SharedPtr commands_subscriber_;
[3.766s]       |                                                        [01;31m[K^[m[K
[3.766s] [01m[K/home/ws/src/quadruped/include/quadruped/foot_trajectory_generator.hpp:38:56:[m[K [01;31m[Kerror: [m[Ktemplate argument 3 is invalid
[3.766s] [01m[K/home/ws/src/quadruped/include/quadruped/foot_trajectory_generator.hpp:38:56:[m[K [01;31m[Kerror: [m[Ktemplate argument 4 is invalid
[3.766s] [01m[K/home/ws/src/quadruped/include/quadruped/foot_trajectory_generator.hpp:38:56:[m[K [01;31m[Kerror: [m[Ktemplate argument 5 is invalid
[3.766s] [01m[K/home/ws/src/quadruped/include/quadruped/foot_trajectory_generator.hpp:38:59:[m[K [01;31m[Kerror: [m[Kexpected â€˜[01m[K;[m[Kâ€™ at end of member declaration
[3.766s]    38 |   rclcpp::Subscription<std_msgs::msg::Float64MultiArray>::[01;31m[KSharedPtr[m[K commands_subscriber_;
[3.766s]       |                                                           [01;31m[K^~~~~~~~~[m[K
[3.766s]       |                                                                    [32m[K;[m[K
[3.770s] [01m[K/home/ws/src/quadruped/include/quadruped/foot_trajectory_generator.hpp:38:69:[m[K [01;31m[Kerror: [m[Kâ€˜[01m[Kcommands_subscriber_[m[Kâ€™ does not name a type
[3.770s]    38 |   rclcpp::Subscription<std_msgs::msg::Float64MultiArray>::SharedPtr [01;31m[Kcommands_subscriber_[m[K;
[3.770s]       |                                                                     [01;31m[K^~~~~~~~~~~~~~~~~~~~[m[K
[3.779s] [01m[K/home/ws/src/quadruped/src/foot_trajectory_generator.cpp:5:1:[m[K [01;31m[Kerror: [m[Kâ€˜[01m[KFootTrajectoryGenerator[m[Kâ€™ does not name a type; did you mean â€˜[01m[KFootTrajectoryController[m[Kâ€™?
[3.779s]     5 | [01;31m[KFootTrajectoryGenerator[m[K::FootTrajectoryGenerator() : controller_interface::ControllerInterface() {}
[3.779s]       | [01;31m[K^~~~~~~~~~~~~~~~~~~~~~~[m[K
[3.779s]       | [32m[KFootTrajectoryController[m[K
[3.782s] [01m[K/home/ws/src/quadruped/src/foot_trajectory_generator.cpp:7:1:[m[K [01;31m[Kerror: [m[Kâ€˜[01m[KCallbackReturn[m[Kâ€™ does not name a type
[3.782s]     7 | [01;31m[KCallbackReturn[m[K FootTrajectoryGenerator::on_init()
[3.782s]       | [01;31m[K^~~~~~~~~~~~~~[m[K
[3.784s] [01m[K/home/ws/src/quadruped/src/foot_trajectory_generator.cpp:23:1:[m[K [01;31m[Kerror: [m[Kâ€˜[01m[KCallbackReturn[m[Kâ€™ does not name a type
[3.784s]    23 | [01;31m[KCallbackReturn[m[K FootTrajectoryGenerator::on_configure(const rclcpp_lifecycle::State & /*previous_state*/)
[3.784s]       | [01;31m[K^~~~~~~~~~~~~~[m[K
[3.784s] [01m[K/home/ws/src/quadruped/src/foot_trajectory_generator.cpp:46:1:[m[K [01;31m[Kerror: [m[Kâ€˜[01m[KFootTrajectoryGenerator[m[Kâ€™ has not been declared
[3.784s]    46 | [01;31m[KFootTrajectoryGenerator[m[K::command_interface_configuration() const
[3.784s]       | [01;31m[K^~~~~~~~~~~~~~~~~~~~~~~[m[K
[3.785s] [01m[K/home/ws/src/quadruped/src/foot_trajectory_generator.cpp:46:60:[m[K [01;31m[Kerror: [m[Knon-member function â€˜[01m[Kcontroller_interface::InterfaceConfiguration foot_trajectory_generator::[01;32m[Kcommand_interface_configuration[m[K()[m[Kâ€™ cannot have cv-qualifier
[3.785s]    46 | FootTrajectoryGenerator::command_interface_configuration() [01;31m[Kconst[m[K
[3.785s]       |                                                            [01;31m[K^~~~~[m[K
[3.790s] [01m[K/home/ws/src/quadruped/src/foot_trajectory_generator.cpp:[m[K In function â€˜[01m[Kcontroller_interface::InterfaceConfiguration foot_trajectory_generator::[01;32m[Kcommand_interface_configuration[m[K()[m[Kâ€™:
[3.790s] [01m[K/home/ws/src/quadruped/src/foot_trajectory_generator.cpp:51:29:[m[K [01;31m[Kerror: [m[Kâ€˜[01m[Kjoint_names_[m[Kâ€™ was not declared in this scope
[3.790s]    51 |   for (const auto & joint : [01;31m[Kjoint_names_[m[K) {
[3.790s]       |                             [01;31m[K^~~~~~~~~~~~[m[K
[3.798s] [01m[K/home/ws/src/quadruped/src/foot_trajectory_generator.cpp:52:35:[m[K [01;31m[Kerror: [m[Kâ€˜[01m[Kcommand_interfaces_[m[Kâ€™ was not declared in this scope
[3.798s]    52 |     for (const auto & interface : [01;31m[Kcommand_interfaces_[m[K) {
[3.798s]       |                                   [01;31m[K^~~~~~~~~~~~~~~~~~~[m[K
[3.799s] [01m[K/home/ws/src/quadruped/src/foot_trajectory_generator.cpp:[m[K At global scope:
[3.799s] [01m[K/home/ws/src/quadruped/src/foot_trajectory_generator.cpp:61:1:[m[K [01;31m[Kerror: [m[Kâ€˜[01m[KFootTrajectoryGenerator[m[Kâ€™ has not been declared
[3.799s]    61 | [01;31m[KFootTrajectoryGenerator[m[K::state_interface_configuration() const
[3.799s]       | [01;31m[K^~~~~~~~~~~~~~~~~~~~~~~[m[K
[3.799s] [01m[K/home/ws/src/quadruped/src/foot_trajectory_generator.cpp:61:58:[m[K [01;31m[Kerror: [m[Knon-member function â€˜[01m[Kcontroller_interface::InterfaceConfiguration foot_trajectory_generator::[01;32m[Kstate_interface_configuration[m[K()[m[Kâ€™ cannot have cv-qualifier
[3.799s]    61 | FootTrajectoryGenerator::state_interface_configuration() [01;31m[Kconst[m[K
[3.799s]       |                                                          [01;31m[K^~~~~[m[K
[3.801s] In file included from [01m[K/home/ws/src/quadruped/src/leg_controller.cpp:1[m[K:
[3.801s] [01m[K/home/ws/src/quadruped/include/quadruped/leg_controller.hpp:38:24:[m[K [01;31m[Kerror: [m[Kâ€˜[01m[Kstd_msgs[m[Kâ€™ was not declared in this scope
[3.801s]    38 |   rclcpp::Subscription<[01;31m[Kstd_msgs[m[K::msg::Float64MultiArray>::SharedPtr commands_subscriber_;
[3.801s]       |                        [01;31m[K^~~~~~~~[m[K
[3.802s] [01m[K/home/ws/src/quadruped/include/quadruped/leg_controller.hpp:38:56:[m[K [01;31m[Kerror: [m[Ktemplate argument 1 is invalid
[3.802s]    38 |   rclcpp::Subscription<std_msgs::msg::Float64MultiArray[01;31m[K>[m[K::SharedPtr commands_subscriber_;
[3.802s]       |                                                        [01;31m[K^[m[K
[3.802s] [01m[K/home/ws/src/quadruped/include/quadruped/leg_controller.hpp:38:56:[m[K [01;31m[Kerror: [m[Ktemplate argument 3 is invalid
[3.802s] [01m[K/home/ws/src/quadruped/include/quadruped/leg_controller.hpp:38:56:[m[K [01;31m[Kerror: [m[Ktemplate argument 4 is invalid
[3.802s] [01m[K/home/ws/src/quadruped/include/quadruped/leg_controller.hpp:38:56:[m[K [01;31m[Kerror: [m[Ktemplate argument 5 is invalid
[3.802s] [01m[K/home/ws/src/quadruped/include/quadruped/leg_controller.hpp:38:59:[m[K [01;31m[Kerror: [m[Kexpected â€˜[01m[K;[m[Kâ€™ at end of member declaration
[3.802s]    38 |   rclcpp::Subscription<std_msgs::msg::Float64MultiArray>::[01;31m[KSharedPtr[m[K commands_subscriber_;
[3.802s]       |                                                           [01;31m[K^~~~~~~~~[m[K
[3.802s]       |                                                                    [32m[K;[m[K
[3.804s] [01m[K/home/ws/src/quadruped/src/foot_trajectory_generator.cpp:[m[K In function â€˜[01m[Kcontroller_interface::InterfaceConfiguration foot_trajectory_generator::[01;32m[Kstate_interface_configuration[m[K()[m[Kâ€™:
[3.804s] [01m[K/home/ws/src/quadruped/src/foot_trajectory_generator.cpp:66:29:[m[K [01;31m[Kerror: [m[Kâ€˜[01m[Kjoint_names_[m[Kâ€™ was not declared in this scope
[3.804s]    66 |   for (const auto & joint : [01;31m[Kjoint_names_[m[K) {
[3.804s]       |                             [01;31m[K^~~~~~~~~~~~[m[K
[3.806s] [01m[K/home/ws/src/quadruped/include/quadruped/leg_controller.hpp:38:69:[m[K [01;31m[Kerror: [m[Kâ€˜[01m[Kcommands_subscriber_[m[Kâ€™ does not name a type
[3.807s]    38 |   rclcpp::Subscription<std_msgs::msg::Float64MultiArray>::SharedPtr [01;31m[Kcommands_subscriber_[m[K;
[3.807s]       |                                                                     [01;31m[K^~~~~~~~~~~~~~~~~~~~[m[K
[3.811s] [01m[K/home/ws/src/quadruped/src/foot_trajectory_generator.cpp:67:35:[m[K [01;31m[Kerror: [m[Kâ€˜[01m[Kstate_interfaces_[m[Kâ€™ was not declared in this scope; did you mean â€˜[01m[Krcl_interfaces[m[Kâ€™?
[3.811s]    67 |     for (const auto & interface : [01;31m[Kstate_interfaces_[m[K) {
[3.811s]       |                                   [01;31m[K^~~~~~~~~~~~~~~~~[m[K
[3.811s]       |                                   [32m[Krcl_interfaces[m[K
[3.814s] [01m[K/home/ws/src/quadruped/src/foot_trajectory_generator.cpp:[m[K At global scope:
[3.814s] [01m[K/home/ws/src/quadruped/src/foot_trajectory_generator.cpp:75:1:[m[K [01;31m[Kerror: [m[Kâ€˜[01m[KCallbackReturn[m[Kâ€™ does not name a type
[3.814s]    75 | [01;31m[KCallbackReturn[m[K FootTrajectoryGenerator::on_activate(const rclcpp_lifecycle::State & /*previous_state*/)
[3.814s]       | [01;31m[K^~~~~~~~~~~~~~[m[K
[3.816s] [01m[K/home/ws/src/quadruped/src/leg_controller.cpp:7:1:[m[K [01;31m[Kerror: [m[Kâ€˜[01m[KCallbackReturn[m[Kâ€™ does not name a type
[3.816s]     7 | [01;31m[KCallbackReturn[m[K LegController::on_init()
[3.816s]       | [01;31m[K^~~~~~~~~~~~~~[m[K
[3.816s] [01m[K/home/ws/src/quadruped/src/foot_trajectory_generator.cpp:81:1:[m[K [01;31m[Kerror: [m[Kâ€˜[01m[KCallbackReturn[m[Kâ€™ does not name a type
[3.816s]    81 | [01;31m[KCallbackReturn[m[K FootTrajectoryGenerator::on_deactivate(const rclcpp_lifecycle::State & /*previous_state*/)
[3.817s]       | [01;31m[K^~~~~~~~~~~~~~[m[K
[3.817s] [01m[K/home/ws/src/quadruped/src/foot_trajectory_generator.cpp:87:35:[m[K [01;31m[Kerror: [m[Kâ€˜[01m[KFootTrajectoryGenerator[m[Kâ€™ has not been declared
[3.817s]    87 | controller_interface::return_type [01;31m[KFootTrajectoryGenerator[m[K::update(
[3.817s]       |                                   [01;31m[K^~~~~~~~~~~~~~~~~~~~~~~[m[K
[3.819s] [01m[K/home/ws/src/quadruped/src/leg_controller.cpp:23:1:[m[K [01;31m[Kerror: [m[Kâ€˜[01m[KCallbackReturn[m[Kâ€™ does not name a type
[3.819s]    23 | [01;31m[KCallbackReturn[m[K LegController::on_configure(const rclcpp_lifecycle::State & /*previous_state*/)
[3.819s]       | [01;31m[K^~~~~~~~~~~~~~[m[K
[3.823s] [01m[K/home/ws/src/quadruped/src/foot_trajectory_generator.cpp:[m[K In function â€˜[01m[Kcontroller_interface::return_type foot_trajectory_generator::[01;32m[Kupdate[m[K(const rclcpp::Time&, const rclcpp::Duration&)[m[Kâ€™:
[3.823s] [01m[K/home/ws/src/quadruped/src/foot_trajectory_generator.cpp:93:19:[m[K [01;31m[Kerror: [m[Kâ€˜[01m[Krt_command_ptr_[m[Kâ€™ was not declared in this scope
[3.823s]    93 |   auto commands = [01;31m[Krt_command_ptr_[m[K.readFromRT();
[3.823s]       |                   [01;31m[K^~~~~~~~~~~~~~~[m[K
[3.823s] [01m[K/home/ws/src/quadruped/src/leg_controller.cpp:75:1:[m[K [01;31m[Kerror: [m[Kâ€˜[01m[KCallbackReturn[m[Kâ€™ does not name a type
[3.823s]    75 | [01;31m[KCallbackReturn[m[K LegController::on_activate(const rclcpp_lifecycle::State & /*previous_state*/)
[3.823s]       | [01;31m[K^~~~~~~~~~~~~~[m[K
[3.826s] [01m[K/home/ws/src/quadruped/src/leg_controller.cpp:81:1:[m[K [01;31m[Kerror: [m[Kâ€˜[01m[KCallbackReturn[m[Kâ€™ does not name a type
[3.826s]    81 | [01;31m[KCallbackReturn[m[K LegController::on_deactivate(const rclcpp_lifecycle::State & /*previous_state*/)
[3.826s]       | [01;31m[K^~~~~~~~~~~~~~[m[K
[3.834s] [01m[K/home/ws/src/quadruped/src/foot_trajectory_generator.cpp:100:26:[m[K [01;31m[Kerror: [m[Kâ€˜[01m[Kjoint_command_interfaces_[m[Kâ€™ was not declared in this scope
[3.834s]   100 |   for (size_t i = 0; i < [01;31m[Kjoint_command_interfaces_[m[K.size(); ++i) {
[3.834s]       |                          [01;31m[K^~~~~~~~~~~~~~~~~~~~~~~~~[m[K
[3.865s] In file included from [01m[K/opt/ros/jazzy/include/class_loader/class_loader/class_loader.hpp:56[m[K,
[3.865s]                  from [01m[K/opt/ros/jazzy/include/pluginlib/pluginlib/class_list_macros.hpp:40[m[K,
[3.865s]                  from [01m[K/home/ws/src/quadruped/src/foot_trajectory_generator.cpp:109[m[K:
[3.866s] [01m[K/home/ws/src/quadruped/src/foot_trajectory_generator.cpp:[m[K At global scope:
[3.866s] [01m[K/home/ws/src/quadruped/src/foot_trajectory_generator.cpp:110:51:[m[K [01;31m[Kerror: [m[Kâ€˜[01m[KFootTrajectoryGenerator[m[Kâ€™ in namespace â€˜[01m[Kfoot_trajectory_generator[m[Kâ€™ does not name a type; did you mean â€˜[01m[KFootTrajectoryController[m[Kâ€™?
[3.866s]   110 | PLUGINLIB_EXPORT_CLASS(foot_trajectory_generator::[01;31m[KFootTrajectoryGenerator[m[K, controller_interface::ControllerInterface)
[3.866s]       |                                                   [01;31m[K^~~~~~~~~~~~~~~~~~~~~~~[m[K
[3.875s] [01m[K/home/ws/src/quadruped/src/foot_trajectory_generator.cpp:[m[K In constructor â€˜[01m[K{anonymous}::ProxyExec0::[01;32m[KProxyExec0[m[K()[m[Kâ€™:
[3.876s] [01m[K/home/ws/src/quadruped/src/foot_trajectory_generator.cpp:110:1:[m[K [01;31m[Kerror: [m[Kâ€˜[01m[K_derived[m[Kâ€™ was not declared in this scope
[3.876s]   110 | [01;31m[KPLUGINLIB_EXPORT_CLASS[m[K(foot_trajectory_generator::FootTrajectoryGenerator, controller_interface::ControllerInterface)
[3.876s]       | [01;31m[K^~~~~~~~~~~~~~~~~~~~~~[m[K
[3.876s] [01m[K/home/ws/src/quadruped/src/foot_trajectory_generator.cpp:110:1:[m[K [01;31m[Kerror: [m[Kno matching function for call to â€˜[01m[KregisterPlugin<<expression error>, {anonymous}::ProxyExec0::_base>(const char [51], const char [42])[m[Kâ€™
[3.876s]   110 | [01;31m[KPLUGINLIB_EXPORT_CLASS[m[K(foot_trajectory_generator::FootTrajectoryGenerator, controller_interface::ControllerInterface)
[3.876s]       | [01;31m[K^~~~~~~~~~~~~~~~~~~~~~[m[K
[3.876s] In file included from [01m[K/opt/ros/jazzy/include/class_loader/class_loader/class_loader.hpp:55[m[K:
[3.876s] [01m[K/opt/ros/jazzy/include/class_loader/class_loader/class_loader_core.hpp:241:1:[m[K [01;36m[Knote: [m[Kcandidate: â€˜[01m[Ktemplate<class Derived, class Base> class_loader::impl::UniquePtr<class_loader::impl::AbstractMetaObjectBase> class_loader::impl::[01;32m[KregisterPlugin[m[K(const std::string&, const std::string&)[m[Kâ€™
[3.876s]   241 | [01;36m[KregisterPlugin[m[K(const std::string & class_name, const std::string & base_class_name)
[3.876s]       | [01;36m[K^~~~~~~~~~~~~~[m[K
[3.876s] [01m[K/opt/ros/jazzy/include/class_loader/class_loader/class_loader_core.hpp:241:1:[m[K [01;36m[Knote: [m[K  template argument deduction/substitution failed:
[3.876s] [01m[K/home/ws/src/quadruped/src/foot_trajectory_generator.cpp:110:1:[m[K [01;31m[Kerror: [m[Ktemplate argument 1 is invalid
[3.876s]   110 | [01;31m[KPLUGINLIB_EXPORT_CLASS[m[K(foot_trajectory_generator::FootTrajectoryGenerator, controller_interface::ControllerInterface)
[3.876s]       | [01;31m[K^~~~~~~~~~~~~~~~~~~~~~[m[K
[4.661s] gmake[2]: *** [CMakeFiles/quadruped_lib.dir/build.make:76: CMakeFiles/quadruped_lib.dir/src/balance_controller.cpp.o] Error 1
[4.661s] gmake[2]: *** Waiting for unfinished jobs....
[4.677s] gmake[2]: *** [CMakeFiles/quadruped_lib.dir/build.make:118: CMakeFiles/quadruped_lib.dir/src/state_estimator.cpp.o] Error 1
[4.747s] gmake[2]: *** [CMakeFiles/quadruped_lib.dir/build.make:90: CMakeFiles/quadruped_lib.dir/src/foot_trajectory_generator.cpp.o] Error 1
[4.794s] gmake[2]: *** [CMakeFiles/quadruped_lib.dir/build.make:104: CMakeFiles/quadruped_lib.dir/src/leg_controller.cpp.o] Error 1
[4.795s] gmake[1]: *** [CMakeFiles/Makefile2:623: CMakeFiles/quadruped_lib.dir/all] Error 2
[4.795s] gmake: *** [Makefile:146: all] Error 2
[4.798s] Invoked command in '/home/ws/build/quadruped' returned '2': CMAKE_PREFIX_PATH=${CMAKE_PREFIX_PATH}:/opt/ros/jazzy /usr/bin/cmake --build /home/ws/build/quadruped -- -j20 -l20
