[  2%] Built target quadruped__rosidl_generator_type_description
[  2%] Built target ament_cmake_python_symlink_quadruped
[  5%] Built target quadruped__cpp
[ 17%] Built target quadruped__rosidl_generator_c
[ 20%] [32mBuilding CXX object CMakeFiles/quadruped_lib.dir/src/balance_controller.cpp.o[0m
[ 33%] Built target quadruped__rosidl_typesupport_fastrtps_cpp
[ 35%] Built target quadruped__rosidl_typesupport_introspection_c
[ 43%] Built target quadruped__rosidl_typesupport_c
[ 51%] Built target quadruped__rosidl_typesupport_fastrtps_c
[ 58%] Built target quadruped__rosidl_typesupport_introspection_cpp
[ 66%] Built target quadruped__rosidl_typesupport_cpp
[ 66%] Built target quadruped
[ 69%] Built target quadruped__py
[ 74%] Built target quadruped__rosidl_generator_py
running egg_info
[ 84%] Built target quadruped_s__rosidl_typesupport_fastrtps_c
[ 84%] Built target quadruped_s__rosidl_typesupport_c
[ 89%] Built target quadruped_s__rosidl_typesupport_introspection_c
writing quadruped.egg-info/PKG-INFO
writing dependency_links to quadruped.egg-info/dependency_links.txt
writing top-level names to quadruped.egg-info/top_level.txt
reading manifest file 'quadruped.egg-info/SOURCES.txt'
writing manifest file 'quadruped.egg-info/SOURCES.txt'
[ 89%] Built target ament_cmake_python_build_quadruped_egg
[01m[K/home/ws/src/quadruped/src/balance_controller.cpp:[m[K In member function â€˜[01m[Kvirtual CallbackReturn balance_controller::BalanceController::[01;32m[Kon_configure[m[K(const rclcpp_lifecycle::State&)[m[Kâ€™:
[01m[K/home/ws/src/quadruped/src/balance_controller.cpp:39:29:[m[K [01;31m[Kerror: [m[Kvariable â€˜[01m[Kpinocchio::Data data[m[Kâ€™ has initializer but incomplete type
   39 |   pinocchio::Data data(model[01;31m[K)[m[K;
      |                             [01;31m[K^[m[K
gmake[2]: *** [CMakeFiles/quadruped_lib.dir/build.make:76: CMakeFiles/quadruped_lib.dir/src/balance_controller.cpp.o] Error 1
gmake[1]: *** [CMakeFiles/Makefile2:623: CMakeFiles/quadruped_lib.dir/all] Error 2
gmake: *** [Makefile:146: all] Error 2
