[0.011s] Invoking command in '/home/ws/src/quadruped/build/quadruped': /usr/bin/cmake --build /home/ws/src/quadruped/build/quadruped -- -j20 -l20
[0.115s] -- Found ament_cmake: 2.5.2 (/opt/ros/jazzy/share/ament_cmake/cmake)
[0.305s] Traceback (most recent call last):
[0.305s]   File "/opt/ros/jazzy/share/ament_cmake_core/cmake/package_templates/templates_2_cmake.py", line 21, in <module>
[0.305s]     from ament_package.templates import get_environment_hook_template_path
[0.305s] ModuleNotFoundError: No module named 'ament_package'
[0.307s] [31mCMake Error at /opt/ros/jazzy/share/ament_cmake_core/cmake/ament_cmake_package_templates-extras.cmake:41 (message):
[0.307s]   execute_process(/usr/bin/python3
[0.308s]   /opt/ros/jazzy/share/ament_cmake_core/cmake/package_templates/templates_2_cmake.py
[0.308s]   /home/ws/src/quadruped/build/quadruped/ament_cmake_package_templates/templates.cmake)
[0.308s]   returned error code 1
[0.308s] Call Stack (most recent call first):
[0.308s]   /opt/ros/jazzy/share/ament_cmake_core/cmake/ament_cmake_coreConfig.cmake:41 (include)
[0.308s]   /opt/ros/jazzy/share/ament_cmake/cmake/ament_cmake_export_dependencies-extras.cmake:15 (find_package)
[0.308s]   /opt/ros/jazzy/share/ament_cmake/cmake/ament_cmakeConfig.cmake:41 (include)
[0.308s]   CMakeLists.txt:9 (find_package)
[0.308s] 
[0.308s] [0m
[0.308s] -- Configuring incomplete, errors occurred!
[0.310s] gmake: *** [Makefile:226: cmake_check_build_system] Error 1
[0.312s] Invoked command in '/home/ws/src/quadruped/build/quadruped' returned '2': /usr/bin/cmake --build /home/ws/src/quadruped/build/quadruped -- -j20 -l20
