[0.023s] Invoking command in '/home/ws/build/quadruped': CMAKE_PREFIX_PATH=${CMAKE_PREFIX_PATH}:/opt/ros/jazzy /usr/bin/cmake --build /home/ws/build/quadruped -- -j20 -l20
[0.220s] [  2%] Built target quadruped__rosidl_generator_type_description
[0.256s] [  2%] Built target ament_cmake_python_symlink_quadruped
[0.291s] [  5%] [32mBuilding CXX object CMakeFiles/quadruped_lib.dir/src/balance_controller.cpp.o[0m
[0.305s] [  7%] Built target quadruped__cpp
[0.306s] [ 20%] Built target quadruped__rosidl_generator_c
[0.306s] [ 23%] [32mBuilding CXX object CMakeFiles/quadruped_lib.dir/src/foot_trajectory_generator.cpp.o[0m
[0.307s] [ 28%] [32mBuilding CXX object CMakeFiles/quadruped_lib.dir/src/leg_controller.cpp.o[0m
[0.307s] [ 28%] [32mBuilding CXX object CMakeFiles/quadruped_lib.dir/src/state_estimator.cpp.o[0m
[0.383s] [ 35%] Built target quadruped__rosidl_typesupport_introspection_c
[0.384s] [ 43%] Built target quadruped__rosidl_typesupport_c
[0.387s] [ 51%] Built target quadruped__rosidl_typesupport_introspection_cpp
[0.389s] [ 58%] Built target quadruped__rosidl_typesupport_fastrtps_c
[0.390s] [ 66%] Built target quadruped__rosidl_typesupport_cpp
[0.391s] [ 74%] Built target quadruped__rosidl_typesupport_fastrtps_cpp
[0.431s] [ 74%] Built target quadruped
[0.476s] [ 76%] Built target quadruped__py
[0.532s] [ 82%] Built target quadruped__rosidl_generator_py
[0.580s] [ 87%] Built target quadruped_s__rosidl_typesupport_introspection_c
[0.593s] [ 92%] Built target quadruped_s__rosidl_typesupport_fastrtps_c
[0.604s] [ 97%] Built target quadruped_s__rosidl_typesupport_c
[0.607s] running egg_info
[0.628s] writing quadruped.egg-info/PKG-INFO
[0.629s] writing dependency_links to quadruped.egg-info/dependency_links.txt
[0.629s] writing top-level names to quadruped.egg-info/top_level.txt
[0.686s] reading manifest file 'quadruped.egg-info/SOURCES.txt'
[0.686s] writing manifest file 'quadruped.egg-info/SOURCES.txt'
[0.737s] [ 97%] Built target ament_cmake_python_build_quadruped_egg
[3.674s] [01m[K/home/ws/src/quadruped/src/foot_trajectory_generator.cpp:6:1:[m[K [01;31m[Kerror: [m[Kâ€˜[01m[KFootTrajectoryGenerator[m[Kâ€™ does not name a type; did you mean â€˜[01m[KFootTrajectoryController[m[Kâ€™?
[3.674s]     6 | [01;31m[KFootTrajectoryGenerator[m[K::FootTrajectoryGenerator() : controller_interface::ControllerInterface() {}
[3.674s]       | [01;31m[K^~~~~~~~~~~~~~~~~~~~~~~[m[K
[3.674s]       | [32m[KFootTrajectoryController[m[K
[3.674s] [01m[K/home/ws/src/quadruped/src/foot_trajectory_generator.cpp:8:16:[m[K [01;31m[Kerror: [m[Kâ€˜[01m[KFootTrajectoryGenerator[m[Kâ€™ has not been declared
[3.674s]     8 | CallbackReturn [01;31m[KFootTrajectoryGenerator[m[K::on_init()
[3.674s]       |                [01;31m[K^~~~~~~~~~~~~~~~~~~~~~~[m[K
[3.680s] [01m[K/home/ws/src/quadruped/src/foot_trajectory_generator.cpp:[m[K In function â€˜[01m[KCallbackReturn foot_trajectory_generator::[01;32m[Kon_init[m[K()[m[Kâ€™:
[3.680s] [01m[K/home/ws/src/quadruped/src/foot_trajectory_generator.cpp:12:5:[m[K [01;31m[Kerror: [m[Kâ€˜[01m[Kauto_declare[m[Kâ€™ was not declared in this scope
[3.680s]    12 |     [01;31m[Kauto_declare[m[K<std::vector<std::string>>("joints", std::vector<std::string>());
[3.680s]       |     [01;31m[K^~~~~~~~~~~~[m[K
[3.680s] [01m[K/home/ws/src/quadruped/src/foot_trajectory_generator.cpp:12:41:[m[K [01;31m[Kerror: [m[Kexpected primary-expression before â€˜[01m[K>[m[Kâ€™ token
[3.681s]    12 |     auto_declare<std::vector<std::string[01;31m[K>>[m[K("joints", std::vector<std::string>());
[3.681s]       |                                         [01;31m[K^~[m[K
[3.681s] [01m[K/home/ws/src/quadruped/src/foot_trajectory_generator.cpp:12:44:[m[K [01;35m[Kwarning: [m[Kleft operand of comma operator has no effect [[01;35m[K]8;;https://gcc.gnu.org/onlinedocs/gcc/Warning-Options.html#index-Wunused-value-Wunused-value]8;;[m[K]
[3.682s]    12 |     auto_declare<std::vector<std::string>>([01;35m[K"joints"[m[K, std::vector<std::string>());
[3.682s]       |                                            [01;35m[K^~~~~~~~[m[K
[3.682s] [01m[K/home/ws/src/quadruped/src/foot_trajectory_generator.cpp:13:41:[m[K [01;31m[Kerror: [m[Kexpected primary-expression before â€˜[01m[K>[m[Kâ€™ token
[3.682s]    13 |     auto_declare<std::vector<std::string[01;31m[K>>[m[K("command_interfaces", std::vector<std::string>());
[3.682s]       |                                         [01;31m[K^~[m[K
[3.682s] [01m[K/home/ws/src/quadruped/src/foot_trajectory_generator.cpp:13:44:[m[K [01;35m[Kwarning: [m[Kleft operand of comma operator has no effect [[01;35m[K]8;;https://gcc.gnu.org/onlinedocs/gcc/Warning-Options.html#index-Wunused-value-Wunused-value]8;;[m[K]
[3.682s]    13 |     auto_declare<std::vector<std::string>>([01;35m[K"command_interfaces"[m[K, std::vector<std::string>());
[3.682s]       |                                            [01;35m[K^~~~~~~~~~~~~~~~~~~~[m[K
[3.683s] [01m[K/home/ws/src/quadruped/src/foot_trajectory_generator.cpp:14:41:[m[K [01;31m[Kerror: [m[Kexpected primary-expression before â€˜[01m[K>[m[Kâ€™ token
[3.683s]    14 |     auto_declare<std::vector<std::string[01;31m[K>>[m[K("state_interfaces", std::vector<std::string>());
[3.683s]       |                                         [01;31m[K^~[m[K
[3.683s] [01m[K/home/ws/src/quadruped/src/foot_trajectory_generator.cpp:14:44:[m[K [01;35m[Kwarning: [m[Kleft operand of comma operator has no effect [[01;35m[K]8;;https://gcc.gnu.org/onlinedocs/gcc/Warning-Options.html#index-Wunused-value-Wunused-value]8;;[m[K]
[3.683s]    14 |     auto_declare<std::vector<std::string>>([01;35m[K"state_interfaces"[m[K, std::vector<std::string>());
[3.683s]       |                                            [01;35m[K^~~~~~~~~~~~~~~~~~[m[K
[3.684s] [01m[K/home/ws/src/quadruped/src/foot_trajectory_generator.cpp:[m[K At global scope:
[3.684s] [01m[K/home/ws/src/quadruped/src/foot_trajectory_generator.cpp:24:16:[m[K [01;31m[Kerror: [m[Kâ€˜[01m[KFootTrajectoryGenerator[m[Kâ€™ has not been declared
[3.684s]    24 | CallbackReturn [01;31m[KFootTrajectoryGenerator[m[K::on_configure(const rclcpp_lifecycle::State & /*previous_state*/)
[3.684s]       |                [01;31m[K^~~~~~~~~~~~~~~~~~~~~~~[m[K
[3.689s] [01m[K/home/ws/src/quadruped/src/foot_trajectory_generator.cpp:[m[K In function â€˜[01m[KCallbackReturn foot_trajectory_generator::[01;32m[Kon_configure[m[K(const rclcpp_lifecycle::State&)[m[Kâ€™:
[3.689s] [01m[K/home/ws/src/quadruped/src/foot_trajectory_generator.cpp:27:3:[m[K [01;31m[Kerror: [m[Kâ€˜[01m[Kjoint_names_[m[Kâ€™ was not declared in this scope
[3.689s]    27 |   [01;31m[Kjoint_names_[m[K = get_node()->get_parameter("joints").as_string_array();
[3.689s]       |   [01;31m[K^~~~~~~~~~~~[m[K
[3.693s] [01m[K/home/ws/src/quadruped/src/foot_trajectory_generator.cpp:27:18:[m[K [01;31m[Kerror: [m[Kâ€˜[01m[Kget_node[m[Kâ€™ was not declared in this scope
[3.694s]    27 |   joint_names_ = [01;31m[Kget_node[m[K()->get_parameter("joints").as_string_array();
[3.694s]       |                  [01;31m[K^~~~~~~~[m[K
[3.702s] [01m[K/home/ws/src/quadruped/src/foot_trajectory_generator.cpp:28:3:[m[K [01;31m[Kerror: [m[Kâ€˜[01m[Kcommand_interfaces_[m[Kâ€™ was not declared in this scope
[3.702s]    28 |   [01;31m[Kcommand_interfaces_[m[K = get_node()->get_parameter("command_interfaces").as_string_array();
[3.703s]       |   [01;31m[K^~~~~~~~~~~~~~~~~~~[m[K
[3.710s] [01m[K/home/ws/src/quadruped/src/foot_trajectory_generator.cpp:29:3:[m[K [01;31m[Kerror: [m[Kâ€˜[01m[Kstate_interfaces_[m[Kâ€™ was not declared in this scope; did you mean â€˜[01m[Krcl_interfaces[m[Kâ€™?
[3.710s]    29 |   [01;31m[Kstate_interfaces_[m[K = get_node()->get_parameter("state_interfaces").as_string_array();
[3.710s]       |   [01;31m[K^~~~~~~~~~~~~~~~~[m[K
[3.711s]       |   [32m[Krcl_interfaces[m[K
[3.711s] In file included from [01m[K/opt/ros/jazzy/include/rclcpp/rclcpp/client.hpp:43[m[K,
[3.711s]                  from [01m[K/opt/ros/jazzy/include/rclcpp/rclcpp/callback_group.hpp:24[m[K,
[3.711s]                  from [01m[K/opt/ros/jazzy/include/rclcpp_lifecycle/rclcpp_lifecycle/lifecycle_node.hpp:56[m[K,
[3.711s]                  from [01m[K/opt/ros/jazzy/include/controller_interface/controller_interface/controller_interface_base.hpp:29[m[K,
[3.712s]                  from [01m[K/opt/ros/jazzy/include/controller_interface/controller_interface/controller_interface.hpp:21[m[K,
[3.712s]                  from [01m[K/home/ws/src/quadruped/include/quadruped/foot_trajectory_generator.hpp:7[m[K,
[3.712s]                  from [01m[K/home/ws/src/quadruped/src/foot_trajectory_generator.cpp:1[m[K:
[3.712s] [01m[K/home/ws/src/quadruped/src/foot_trajectory_generator.cpp:32:5:[m[K [01;31m[Kerror: [m[Ktemplate argument 1 is invalid
[3.712s]    32 |     [01;31m[KRCLCPP_ERROR[m[K(get_node()->get_logger(), "No joints provided");
[3.712s]       |     [01;31m[K^~~~~~~~~~~~[m[K
[3.712s] [01m[K/home/ws/src/quadruped/src/foot_trajectory_generator.cpp:32:5:[m[K [01;31m[Kerror: [m[Ktemplate argument 1 is invalid
[3.712s]    32 |     [01;31m[KRCLCPP_ERROR[m[K(get_node()->get_logger(), "No joints provided");
[3.712s]       |     [01;31m[K^~~~~~~~~~~~[m[K
[3.712s] [01m[K/home/ws/src/quadruped/src/foot_trajectory_generator.cpp:32:5:[m[K [01;31m[Kerror: [m[Ktemplate argument 1 is invalid
[3.712s]    32 |     [01;31m[KRCLCPP_ERROR[m[K(get_node()->get_logger(), "No joints provided");
[3.712s]       |     [01;31m[K^~~~~~~~~~~~[m[K
[3.719s] [01m[K/home/ws/src/quadruped/src/foot_trajectory_generator.cpp:37:3:[m[K [01;31m[Kerror: [m[Kâ€˜[01m[Kcommands_subscriber_[m[Kâ€™ was not declared in this scope
[3.719s]    37 |   [01;31m[Kcommands_subscriber_[m[K = get_node()->create_subscription<std_msgs::msg::Float64MultiArray>(
[3.719s]       |   [01;31m[K^~~~~~~~~~~~~~~~~~~~[m[K
[3.719s] [01m[K/home/ws/src/quadruped/src/foot_trajectory_generator.cpp:37:90:[m[K [01;31m[Kerror: [m[Kexpected primary-expression before â€˜[01m[K>[m[Kâ€™ token
[3.719s]    37 |   commands_subscriber_ = get_node()->create_subscription<std_msgs::msg::Float64MultiArray[01;31m[K>[m[K(
[3.719s]       |                                                                                          [01;31m[K^[m[K
[3.719s] [01m[K/home/ws/src/quadruped/src/foot_trajectory_generator.cpp:38:5:[m[K [01;35m[Kwarning: [m[Kleft operand of comma operator has no effect [[01;35m[K]8;;https://gcc.gnu.org/onlinedocs/gcc/Warning-Options.html#index-Wunused-value-Wunused-value]8;;[m[K]
[3.719s]    38 |     [01;35m[K"~/commands"[m[K, rclcpp::SystemDefaultsQoS(),
[3.719s]       |     [01;35m[K^~~~~~~~~~~~[m[K
[3.719s] [01m[K/home/ws/src/quadruped/src/foot_trajectory_generator.cpp:39:6:[m[K [01;31m[Kerror: [m[Kinvalid use of â€˜[01m[Kthis[m[Kâ€™ in non-member function
[3.719s]    39 |     [[01;31m[Kthis[m[K](const std_msgs::msg::Float64MultiArray::SharedPtr msg) {
[3.719s]       |      [01;31m[K^~~~[m[K
[3.733s] [01m[K/home/ws/src/quadruped/src/foot_trajectory_generator.cpp:[m[K In lambda function:
[3.733s] [01m[K/home/ws/src/quadruped/src/foot_trajectory_generator.cpp:40:7:[m[K [01;31m[Kerror: [m[Kâ€˜[01m[Krt_command_ptr_[m[Kâ€™ was not declared in this scope
[3.733s]    40 |       [01;31m[Krt_command_ptr_[m[K.writeFromNonRT(msg->data);
[3.733s]       |       [01;31m[K^~~~~~~~~~~~~~~[m[K
[3.733s] [01m[K/home/ws/src/quadruped/src/foot_trajectory_generator.cpp:[m[K At global scope:
[3.733s] [01m[K/home/ws/src/quadruped/src/foot_trajectory_generator.cpp:47:1:[m[K [01;31m[Kerror: [m[Kâ€˜[01m[KFootTrajectoryGenerator[m[Kâ€™ has not been declared
[3.733s]    47 | [01;31m[KFootTrajectoryGenerator[m[K::command_interface_configuration() const
[3.733s]       | [01;31m[K^~~~~~~~~~~~~~~~~~~~~~~[m[K
[3.733s] [01m[K/home/ws/src/quadruped/src/foot_trajectory_generator.cpp:47:60:[m[K [01;31m[Kerror: [m[Knon-member function â€˜[01m[Kcontroller_interface::InterfaceConfiguration foot_trajectory_generator::[01;32m[Kcommand_interface_configuration[m[K()[m[Kâ€™ cannot have cv-qualifier
[3.733s]    47 | FootTrajectoryGenerator::command_interface_configuration() [01;31m[Kconst[m[K
[3.733s]       |                                                            [01;31m[K^~~~~[m[K
[3.740s] [01m[K/home/ws/src/quadruped/src/foot_trajectory_generator.cpp:[m[K In function â€˜[01m[Kcontroller_interface::InterfaceConfiguration foot_trajectory_generator::[01;32m[Kcommand_interface_configuration[m[K()[m[Kâ€™:
[3.740s] [01m[K/home/ws/src/quadruped/src/foot_trajectory_generator.cpp:52:29:[m[K [01;31m[Kerror: [m[Kâ€˜[01m[Kjoint_names_[m[Kâ€™ was not declared in this scope
[3.740s]    52 |   for (const auto & joint : [01;31m[Kjoint_names_[m[K) {
[3.740s]       |                             [01;31m[K^~~~~~~~~~~~[m[K
[3.749s] [01m[K/home/ws/src/quadruped/src/foot_trajectory_generator.cpp:53:35:[m[K [01;31m[Kerror: [m[Kâ€˜[01m[Kcommand_interfaces_[m[Kâ€™ was not declared in this scope
[3.749s]    53 |     for (const auto & interface : [01;31m[Kcommand_interfaces_[m[K) {
[3.749s]       |                                   [01;31m[K^~~~~~~~~~~~~~~~~~~[m[K
[3.750s] [01m[K/home/ws/src/quadruped/src/foot_trajectory_generator.cpp:[m[K At global scope:
[3.750s] [01m[K/home/ws/src/quadruped/src/foot_trajectory_generator.cpp:62:1:[m[K [01;31m[Kerror: [m[Kâ€˜[01m[KFootTrajectoryGenerator[m[Kâ€™ has not been declared
[3.750s]    62 | [01;31m[KFootTrajectoryGenerator[m[K::state_interface_configuration() const
[3.750s]       | [01;31m[K^~~~~~~~~~~~~~~~~~~~~~~[m[K
[3.750s] [01m[K/home/ws/src/quadruped/src/foot_trajectory_generator.cpp:62:58:[m[K [01;31m[Kerror: [m[Knon-member function â€˜[01m[Kcontroller_interface::InterfaceConfiguration foot_trajectory_generator::[01;32m[Kstate_interface_configuration[m[K()[m[Kâ€™ cannot have cv-qualifier
[3.750s]    62 | FootTrajectoryGenerator::state_interface_configuration() [01;31m[Kconst[m[K
[3.750s]       |                                                          [01;31m[K^~~~~[m[K
[3.756s] [01m[K/home/ws/src/quadruped/src/foot_trajectory_generator.cpp:[m[K In function â€˜[01m[Kcontroller_interface::InterfaceConfiguration foot_trajectory_generator::[01;32m[Kstate_interface_configuration[m[K()[m[Kâ€™:
[3.756s] [01m[K/home/ws/src/quadruped/src/foot_trajectory_generator.cpp:67:29:[m[K [01;31m[Kerror: [m[Kâ€˜[01m[Kjoint_names_[m[Kâ€™ was not declared in this scope
[3.756s]    67 |   for (const auto & joint : [01;31m[Kjoint_names_[m[K) {
[3.757s]       |                             [01;31m[K^~~~~~~~~~~~[m[K
[3.764s] [01m[K/home/ws/src/quadruped/src/foot_trajectory_generator.cpp:68:35:[m[K [01;31m[Kerror: [m[Kâ€˜[01m[Kstate_interfaces_[m[Kâ€™ was not declared in this scope; did you mean â€˜[01m[Krcl_interfaces[m[Kâ€™?
[3.764s]    68 |     for (const auto & interface : [01;31m[Kstate_interfaces_[m[K) {
[3.764s]       |                                   [01;31m[K^~~~~~~~~~~~~~~~~[m[K
[3.764s]       |                                   [32m[Krcl_interfaces[m[K
[3.764s] [01m[K/home/ws/src/quadruped/src/foot_trajectory_generator.cpp:[m[K At global scope:
[3.764s] [01m[K/home/ws/src/quadruped/src/foot_trajectory_generator.cpp:76:16:[m[K [01;31m[Kerror: [m[Kâ€˜[01m[KFootTrajectoryGenerator[m[Kâ€™ has not been declared
[3.764s]    76 | CallbackReturn [01;31m[KFootTrajectoryGenerator[m[K::on_activate(const rclcpp_lifecycle::State & /*previous_state*/)
[3.764s]       |                [01;31m[K^~~~~~~~~~~~~~~~~~~~~~~[m[K
[3.764s] [01m[K/home/ws/src/quadruped/src/foot_trajectory_generator.cpp:82:16:[m[K [01;31m[Kerror: [m[Kâ€˜[01m[KFootTrajectoryGenerator[m[Kâ€™ has not been declared
[3.764s]    82 | CallbackReturn [01;31m[KFootTrajectoryGenerator[m[K::on_deactivate(const rclcpp_lifecycle::State & /*previous_state*/)
[3.765s]       |                [01;31m[K^~~~~~~~~~~~~~~~~~~~~~~[m[K
[3.765s] [01m[K/home/ws/src/quadruped/src/foot_trajectory_generator.cpp:88:35:[m[K [01;31m[Kerror: [m[Kâ€˜[01m[KFootTrajectoryGenerator[m[Kâ€™ has not been declared
[3.765s]    88 | controller_interface::return_type [01;31m[KFootTrajectoryGenerator[m[K::update(
[3.765s]       |                                   [01;31m[K^~~~~~~~~~~~~~~~~~~~~~~[m[K
[3.771s] [01m[K/home/ws/src/quadruped/src/foot_trajectory_generator.cpp:[m[K In function â€˜[01m[Kcontroller_interface::return_type foot_trajectory_generator::[01;32m[Kupdate[m[K(const rclcpp::Time&, const rclcpp::Duration&)[m[Kâ€™:
[3.772s] [01m[K/home/ws/src/quadruped/src/foot_trajectory_generator.cpp:94:19:[m[K [01;31m[Kerror: [m[Kâ€˜[01m[Krt_command_ptr_[m[Kâ€™ was not declared in this scope
[3.772s]    94 |   auto commands = [01;31m[Krt_command_ptr_[m[K.readFromRT();
[3.772s]       |                   [01;31m[K^~~~~~~~~~~~~~~[m[K
[3.783s] [01m[K/home/ws/src/quadruped/src/foot_trajectory_generator.cpp:101:26:[m[K [01;31m[Kerror: [m[Kâ€˜[01m[Kjoint_command_interfaces_[m[Kâ€™ was not declared in this scope
[3.783s]   101 |   for (size_t i = 0; i < [01;31m[Kjoint_command_interfaces_[m[K.size(); ++i) {
[3.783s]       |                          [01;31m[K^~~~~~~~~~~~~~~~~~~~~~~~~[m[K
[3.811s] In file included from [01m[K/opt/ros/jazzy/include/class_loader/class_loader/class_loader.hpp:56[m[K,
[3.811s]                  from [01m[K/opt/ros/jazzy/include/pluginlib/pluginlib/class_list_macros.hpp:40[m[K,
[3.811s]                  from [01m[K/home/ws/src/quadruped/src/foot_trajectory_generator.cpp:110[m[K:
[3.812s] [01m[K/home/ws/src/quadruped/src/foot_trajectory_generator.cpp:[m[K At global scope:
[3.812s] [01m[K/home/ws/src/quadruped/src/foot_trajectory_generator.cpp:111:51:[m[K [01;31m[Kerror: [m[Kâ€˜[01m[KFootTrajectoryGenerator[m[Kâ€™ in namespace â€˜[01m[Kfoot_trajectory_generator[m[Kâ€™ does not name a type; did you mean â€˜[01m[KFootTrajectoryController[m[Kâ€™?
[3.812s]   111 | PLUGINLIB_EXPORT_CLASS(foot_trajectory_generator::[01;31m[KFootTrajectoryGenerator[m[K, controller_interface::ControllerInterface)
[3.812s]       |                                                   [01;31m[K^~~~~~~~~~~~~~~~~~~~~~~[m[K
[3.822s] [01m[K/home/ws/src/quadruped/src/foot_trajectory_generator.cpp:[m[K In constructor â€˜[01m[K{anonymous}::ProxyExec0::[01;32m[KProxyExec0[m[K()[m[Kâ€™:
[3.822s] [01m[K/home/ws/src/quadruped/src/foot_trajectory_generator.cpp:111:1:[m[K [01;31m[Kerror: [m[Kâ€˜[01m[K_derived[m[Kâ€™ was not declared in this scope
[3.823s]   111 | [01;31m[KPLUGINLIB_EXPORT_CLASS[m[K(foot_trajectory_generator::FootTrajectoryGenerator, controller_interface::ControllerInterface)
[3.823s]       | [01;31m[K^~~~~~~~~~~~~~~~~~~~~~[m[K
[3.823s] [01m[K/home/ws/src/quadruped/src/foot_trajectory_generator.cpp:111:1:[m[K [01;31m[Kerror: [m[Kno matching function for call to â€˜[01m[KregisterPlugin<<expression error>, {anonymous}::ProxyExec0::_base>(const char [51], const char [42])[m[Kâ€™
[3.823s]   111 | [01;31m[KPLUGINLIB_EXPORT_CLASS[m[K(foot_trajectory_generator::FootTrajectoryGenerator, controller_interface::ControllerInterface)
[3.823s]       | [01;31m[K^~~~~~~~~~~~~~~~~~~~~~[m[K
[3.823s] In file included from [01m[K/opt/ros/jazzy/include/class_loader/class_loader/class_loader.hpp:55[m[K:
[3.824s] [01m[K/opt/ros/jazzy/include/class_loader/class_loader/class_loader_core.hpp:241:1:[m[K [01;36m[Knote: [m[Kcandidate: â€˜[01m[Ktemplate<class Derived, class Base> class_loader::impl::UniquePtr<class_loader::impl::AbstractMetaObjectBase> class_loader::impl::[01;32m[KregisterPlugin[m[K(const std::string&, const std::string&)[m[Kâ€™
[3.824s]   241 | [01;36m[KregisterPlugin[m[K(const std::string & class_name, const std::string & base_class_name)
[3.824s]       | [01;36m[K^~~~~~~~~~~~~~[m[K
[3.824s] [01m[K/opt/ros/jazzy/include/class_loader/class_loader/class_loader_core.hpp:241:1:[m[K [01;36m[Knote: [m[K  template argument deduction/substitution failed:
[3.824s] [01m[K/home/ws/src/quadruped/src/foot_trajectory_generator.cpp:111:1:[m[K [01;31m[Kerror: [m[Ktemplate argument 1 is invalid
[3.825s]   111 | [01;31m[KPLUGINLIB_EXPORT_CLASS[m[K(foot_trajectory_generator::FootTrajectoryGenerator, controller_interface::ControllerInterface)
[3.825s]       | [01;31m[K^~~~~~~~~~~~~~~~~~~~~~[m[K
[4.702s] gmake[2]: *** [CMakeFiles/quadruped_lib.dir/build.make:90: CMakeFiles/quadruped_lib.dir/src/foot_trajectory_generator.cpp.o] Error 1
[4.702s] gmake[2]: *** Waiting for unfinished jobs....
[11.227s] gmake[1]: *** [CMakeFiles/Makefile2:623: CMakeFiles/quadruped_lib.dir/all] Error 2
[11.228s] gmake: *** [Makefile:146: all] Error 2
[11.233s] Invoked command in '/home/ws/build/quadruped' returned '2': CMAKE_PREFIX_PATH=${CMAKE_PREFIX_PATH}:/opt/ros/jazzy /usr/bin/cmake --build /home/ws/build/quadruped -- -j20 -l20
